#
# There is insufficient memory for the Java Runtime Environment to continue.
# Native memory allocation (mmap) failed to map 266338304 bytes. Error detail: G1 virtual space
# Possible reasons:
#   The system is out of physical RAM or swap space
#   This process is running with CompressedOops enabled, and the Java Heap may be blocking the growth of the native heap
# Possible solutions:
#   Reduce memory load on the system
#   Increase physical memory or swap space
#   Check if swap backing store is full
#   Decrease Java heap size (-Xmx/-Xms)
#   Decrease number of Java threads
#   Decrease Java thread stack sizes (-Xss)
#   Set larger code cache with -XX:ReservedCodeCacheSize=
#   JVM is running with Zero Based Compressed Oops mode in which the Java heap is
#     placed in the first 32GB address space. The Java Heap base address is the
#     maximum limit for the native heap growth. Please use -XX:HeapBaseMinAddress
#     to set the Java Heap base and to place the Java Heap above 32GB virtual address.
# This output file may be truncated or incomplete.
#
#  Out of Memory Error (os_windows.cpp:3925), pid=3568, tid=12068
#
# JRE version:  (21.0.8+1) (build )
# Java VM: OpenJDK 64-Bit Server VM (21.0.8+1-b1038.71, mixed mode, sharing, tiered, compressed oops, compressed class ptrs, g1 gc, windows-amd64)
# No core dump will be written. Minidumps are not enabled by default on client versions of Windows
#

---------------  S U M M A R Y ------------

Command Line: -Dfile.encoding=GBK D:\Program Files\Huawei\DevEco Studio\sdk\default\openharmony\toolchains\lib\app_packing_tool.jar --mode hap --force true --lib-path D:\laobingbusi\entry\build\default\intermediates\stripped_native_libs\default --json-path D:\laobingbusi\entry\build\default\intermediates\package\default\module.json --resources-path D:\laobingbusi\entry\build\default\intermediates\res\default\resources --index-path D:\laobingbusi\entry\build\default\intermediates\res\default\resources.index --pack-info-path D:\laobingbusi\entry\build\default\outputs\default\pack.info --out-path D:\laobingbusi\entry\build\default\outputs\default\entry-default-unsigned.hap --ets-path D:\laobingbusi\entry\build\default\intermediates\loader_out\default\ets --pkg-context-path D:\laobingbusi\entry\build\default\intermediates\loader\default\pkgContextInfo.json

Host: 11th Gen Intel(R) Core(TM) i5-11400 @ 2.60GHz, 12 cores, 15G,  Windows 11 , 64 bit Build 26100 (10.0.26100.7920)
Time: Mon Jun  1 14:31:23 2026 elapsed time: 2.018071 seconds (0d 0h 0m 2s)

---------------  T H R E A D  ---------------

Current thread (0x0000000000565b20):  JavaThread "Unknown thread" [_thread_in_vm, id=12068, stack(0x0000000000a80000,0x0000000000b80000) (1024K)]

Stack: [0x0000000000a80000,0x0000000000b80000]
Native frames: (J=compiled Java code, j=interpreted, Vv=VM code, C=native code)
V  [jvm.dll+0x6ebeb9]
V  [jvm.dll+0x8cbec3]
V  [jvm.dll+0x8ce47e]
V  [jvm.dll+0x8ceb63]
V  [jvm.dll+0x28adf6]
V  [jvm.dll+0x6e8695]
V  [jvm.dll+0x6dbeea]
V  [jvm.dll+0x36689b]
V  [jvm.dll+0x36e466]
V  [jvm.dll+0x3c08c6]
V  [jvm.dll+0x3c0b98]
V  [jvm.dll+0x3390cc]
V  [jvm.dll+0x339dbb]
V  [jvm.dll+0x893349]
V  [jvm.dll+0x3cda98]
V  [jvm.dll+0x87c368]
V  [jvm.dll+0x46283e]
V  [jvm.dll+0x464521]
C  [jli.dll+0x52ab]
C  [ucrtbase.dll+0x37b0]
C  [KERNEL32.DLL+0x2e8d7]
C  [ntdll.dll+0x8c48c]


---------------  P R O C E S S  ---------------

Threads class SMR info:
_java_thread_list=0x00007ffd571232c8, length=0, elements={
}

Java Threads: ( => current thread )
Total: 0

Other Threads:
  0x0000000002c72920 WorkerThread "GC Thread#0"                     [id=10856, stack(0x000000001b0d0000,0x000000001b1d0000) (1024K)]
  0x0000000002c83e80 ConcurrentGCThread "G1 Main Marker"            [id=22460, stack(0x000000001b1d0000,0x000000001b2d0000) (1024K)]
  0x0000000002c86460 WorkerThread "G1 Conc#0"                       [id=3128, stack(0x000000001b2d0000,0x000000001b3d0000) (1024K)]

[error occurred during error reporting (printing all threads), id 0xc0000005, EXCEPTION_ACCESS_VIOLATION (0xc0000005) at pc=0x00007ffd5680c0b7]
VM state: not at safepoint (not fully initialized)

VM Mutex/Monitor currently owned by a thread:  ([mutex/lock_event])
[0x00007ffd57197d58] Heap_lock - owner thread: 0x0000000000565b20

Heap address: 0x0000000703000000, size: 4048 MB, Compressed Oops mode: Zero based, Oop shift amount: 3

CDS archive(s) mapped at: [0x0000000000000000-0x0000000000000000-0x0000000000000000), size 0, SharedBaseAddress: 0x0000000800000000, ArchiveRelocationMode: 1.
Narrow klass base: 0x0000000000000000, Narrow klass shift: 0, Narrow klass range: 0x0

GC Precious Log:
 CardTable entry size: 512
 Card Set container configuration: InlinePtr #cards 4 size 8 Array Of Cards #cards 16 size 48 Howl #buckets 8 coarsen threshold 3686 Howl Bitmap #cards 512 size 80 coarsen threshold 460 Card regions per heap region 1 cards per card region 4096

Heap:
 garbage-first heap   total 0K, used 0K [0x0000000703000000, 0x0000000800000000)
  region size 2048K, 0 young (0K), 0 survivors (0K)
 Metaspace       used 0K, committed 0K, reserved 0K
  class space    used 0K, committed 0K, reserved 0K

Heap Regions: E=young(eden), S=young(survivor), O=old, HS=humongous(starts), HC=humongous(continues), CS=collection set, F=free, TAMS=top-at-mark-start, PB=parsable bottom

Card table byte_map: [0x00000000169a0000,0x0000000017190000] _byte_map_base: 0x0000000013188000

Marking Bits: (CMBitMap*) 0x0000000002c73740
 Bits: [0x0000000017190000, 0x000000001b0d0000)

GC Heap History (0 events):
No events

Dll operation events (1 events):
Event: 0.008 Loaded shared library D:\Program Files\Huawei\DevEco Studio\jbr\bin\java.dll

Deoptimization events (0 events):
No events

Classes loaded (0 events):
No events

Classes unloaded (0 events):
No events

Classes redefined (0 events):
No events

Internal exceptions (0 events):
No events

ZGC Phase Switch (0 events):
No events

VM Operations (0 events):
No events

Memory protections (0 events):
No events

Nmethod flushes (0 events):
No events

Events (0 events):
No events


Dynamic libraries:
0x00007ff6aafe0000 - 0x00007ff6aafea000 	D:\Program Files\Huawei\DevEco Studio\jbr\bin\java.exe
0x00007ffe3e160000 - 0x00007ffe3e3c7000 	C:\WINDOWS\SYSTEM32\ntdll.dll
0x00007ffe3c780000 - 0x00007ffe3c849000 	C:\WINDOWS\System32\KERNEL32.DLL
0x00007ffe3b850000 - 0x00007ffe3bc41000 	C:\WINDOWS\System32\KERNELBASE.dll
0x00007ffe3acf0000 - 0x00007ffe3ae3b000 	C:\WINDOWS\System32\ucrtbase.dll
0x00007ffe05680000 - 0x00007ffe0569b000 	D:\Program Files\Huawei\DevEco Studio\jbr\bin\VCRUNTIME140.dll
0x00007ffdf3cc0000 - 0x00007ffdf3cd8000 	D:\Program Files\Huawei\DevEco Studio\jbr\bin\jli.dll
0x00007ffe3bf00000 - 0x00007ffe3c0c5000 	C:\WINDOWS\System32\USER32.dll
0x00007ffe3b820000 - 0x00007ffe3b847000 	C:\WINDOWS\System32\win32u.dll
0x00007ffe291b0000 - 0x00007ffe29443000 	C:\WINDOWS\WinSxS\amd64_microsoft.windows.common-controls_6595b64144ccf1df_6.0.26100.8037_none_3e092faae333b53b\COMCTL32.dll
0x00007ffe3c340000 - 0x00007ffe3c36b000 	C:\WINDOWS\System32\GDI32.dll
0x00007ffe3d770000 - 0x00007ffe3d819000 	C:\WINDOWS\System32\msvcrt.dll
0x00007ffe3bc50000 - 0x00007ffe3bd7b000 	C:\WINDOWS\System32\gdi32full.dll
0x00007ffe3ac40000 - 0x00007ffe3ace3000 	C:\WINDOWS\System32\msvcp_win.dll
0x00007ffe3ca70000 - 0x00007ffe3caa1000 	C:\WINDOWS\System32\IMM32.DLL
0x00007ffe25310000 - 0x00007ffe2531c000 	D:\Program Files\Huawei\DevEco Studio\jbr\bin\vcruntime140_1.dll
0x00007ffdf3c30000 - 0x00007ffdf3cbd000 	D:\Program Files\Huawei\DevEco Studio\jbr\bin\msvcp140.dll
0x00007ffd564c0000 - 0x00007ffd5728b000 	D:\Program Files\Huawei\DevEco Studio\jbr\bin\server\jvm.dll
0x00007ffe3dcd0000 - 0x00007ffe3dd8b000 	C:\WINDOWS\System32\ADVAPI32.dll
0x00007ffe3c290000 - 0x00007ffe3c337000 	C:\WINDOWS\System32\sechost.dll
0x00007ffe3cdf0000 - 0x00007ffe3cf08000 	C:\WINDOWS\System32\RPCRT4.dll
0x00007ffe3d6f0000 - 0x00007ffe3d764000 	C:\WINDOWS\System32\WS2_32.dll
0x00007ffe39960000 - 0x00007ffe399be000 	C:\WINDOWS\SYSTEM32\POWRPROF.dll
0x00007ffe30fe0000 - 0x00007ffe31015000 	C:\WINDOWS\SYSTEM32\WINMM.dll
0x00007ffe32ae0000 - 0x00007ffe32aeb000 	C:\WINDOWS\SYSTEM32\VERSION.dll
0x00007ffe39940000 - 0x00007ffe39954000 	C:\WINDOWS\SYSTEM32\UMPDC.dll
0x00007ffe39800000 - 0x00007ffe3981b000 	C:\WINDOWS\SYSTEM32\kernel.appcore.dll
0x00007ffe0af70000 - 0x00007ffe0af7a000 	D:\Program Files\Huawei\DevEco Studio\jbr\bin\jimage.dll
0x00007ffe38800000 - 0x00007ffe38a42000 	C:\WINDOWS\SYSTEM32\DBGHELP.DLL
0x00007ffe3dd90000 - 0x00007ffe3e112000 	C:\WINDOWS\System32\combase.dll
0x00007ffe3cc70000 - 0x00007ffe3cd47000 	C:\WINDOWS\System32\OLEAUT32.dll
0x00007ffe29800000 - 0x00007ffe2983b000 	C:\WINDOWS\SYSTEM32\dbgcore.DLL
0x00007ffe3ae40000 - 0x00007ffe3aee5000 	C:\WINDOWS\System32\bcryptPrimitives.dll
0x00007ffe04850000 - 0x00007ffe04870000 	D:\Program Files\Huawei\DevEco Studio\jbr\bin\java.dll

JVMTI agents: none

dbghelp: loaded successfully - version: 4.0.5 - missing functions: none
symbol engine: initialized successfully - sym options: 0x614 - pdb path: .;D:\Program Files\Huawei\DevEco Studio\jbr\bin;C:\WINDOWS\SYSTEM32;C:\WINDOWS\WinSxS\amd64_microsoft.windows.common-controls_6595b64144ccf1df_6.0.26100.8037_none_3e092faae333b53b;D:\Program Files\Huawei\DevEco Studio\jbr\bin\server

VM Arguments:
jvm_args: -Dfile.encoding=GBK 
java_command: D:\Program Files\Huawei\DevEco Studio\sdk\default\openharmony\toolchains\lib\app_packing_tool.jar --mode hap --force true --lib-path D:\laobingbusi\entry\build\default\intermediates\stripped_native_libs\default --json-path D:\laobingbusi\entry\build\default\intermediates\package\default\module.json --resources-path D:\laobingbusi\entry\build\default\intermediates\res\default\resources --index-path D:\laobingbusi\entry\build\default\intermediates\res\default\resources.index --pack-info-path D:\laobingbusi\entry\build\default\outputs\default\pack.info --out-path D:\laobingbusi\entry\build\default\outputs\default\entry-default-unsigned.hap --ets-path D:\laobingbusi\entry\build\default\intermediates\loader_out\default\ets --pkg-context-path D:\laobingbusi\entry\build\default\intermediates\loader\default\pkgContextInfo.json
java_class_path (initial): D:\Program Files\Huawei\DevEco Studio\sdk\default\openharmony\toolchains\lib\app_packing_tool.jar
Launcher Type: SUN_STANDARD

[Global flags]
     intx CICompilerCount                          = 4                                         {product} {ergonomic}
     uint ConcGCThreads                            = 3                                         {product} {ergonomic}
     uint G1ConcRefinementThreads                  = 10                                        {product} {ergonomic}
   size_t G1HeapRegionSize                         = 2097152                                   {product} {ergonomic}
    uintx GCDrainStackTargetSize                   = 64                                        {product} {ergonomic}
   size_t InitialHeapSize                          = 266338304                                 {product} {ergonomic}
   size_t MarkStackSize                            = 4194304                                   {product} {ergonomic}
   size_t MaxHeapSize                              = 4244635648                                {product} {ergonomic}
   size_t MinHeapDeltaBytes                        = 2097152                                   {product} {ergonomic}
   size_t MinHeapSize                              = 8388608                                   {product} {ergonomic}
    uintx NonNMethodCodeHeapSize                   = 5839372                                {pd product} {ergonomic}
    uintx NonProfiledCodeHeapSize                  = 122909434                              {pd product} {ergonomic}
    uintx ProfiledCodeHeapSize                     = 122909434                              {pd product} {ergonomic}
    uintx ReservedCodeCacheSize                    = 251658240                              {pd product} {ergonomic}
     bool SegmentedCodeCache                       = true                                      {product} {ergonomic}
   size_t SoftMaxHeapSize                          = 4244635648                             {manageable} {ergonomic}
     bool UseCompressedOops                        = true                           {product lp64_product} {ergonomic}
     bool UseG1GC                                  = true                                      {product} {ergonomic}
     bool UseLargePagesIndividualAllocation        = false                                  {pd product} {ergonomic}

Logging:
Log output configuration:
 #0: stdout all=warning uptime,level,tags foldmultilines=false
 #1: stderr all=off uptime,level,tags foldmultilines=false

Environment Variables:
JAVA_HOME=D:\Program Files\Huawei\DevEco Studio\jbr
PATH=D:\Program Files\Huawei\DevEco Studio\tools\node;D:\Program Files\Huawei\DevEco Studio\jbr\bin;D:\新建文件夹\bin;D:\bin2\bin;C:\Program Files\Common Files\Oracle\Java\javapath;C:\Program Files (x86)\VMware\VMware Workstation\bin\;E:\bin;C:\WINDOWS\system32;C:\WINDOWS;C:\WINDOWS\System32\Wbem;C:\WINDOWS\System32\WindowsPowerShell\v1.0\;C:\WINDOWS\System32\OpenSSH\;C:\Program Files\Intel\WiFi\bin\;C:\Program Files\Common Files\Intel\WirelessCommon\;C:\Program Files\dotnet\;C:\Program Files (x86)\NVIDIA Corporation\PhysX\Common;C:\Program Files\NVIDIA Corporation\NVIDIA NvDLISR;C:\Program Files\Bandizip\;C:\Program Files\nodejs\;C:\Program Files\Git\cmd;D:\Windows Performance Toolkit\;C:\Users\8848\AppData\Local\Microsoft\WindowsApps;D:\Program Files (x86)\Microsoft VS Code\bin;C:\msys64\mingw64\bin;C:\msys64\clang64\bin;D:\IntelliJ IDEA 2024.3.4\bin;C:\Users\8848\AppData\Roaming\npm;d:\Program Files\Huawei\DevEco Studio\bin
USERNAME=8848
OS=Windows_NT
PROCESSOR_IDENTIFIER=Intel64 Family 6 Model 167 Stepping 1, GenuineIntel
TMP=C:\Users\8848\AppData\Local\Temp
TEMP=C:\Users\8848\AppData\Local\Temp




Periodic native trim disabled

JNI global refs:
JNI global refs: 0, weak refs: 0

JNI global refs memory usage: 0, weak refs: 0

Process memory usage:
Resident Set Size: 13640K (0% of 16575800K total physical memory with 2208880K free physical memory)

OOME stack traces (most recent first):
Classloader memory used:

---------------  S Y S T E M  ---------------

OS:
 Windows 11 , 64 bit Build 26100 (10.0.26100.7920)
OS uptime: 2 days 18:26 hours
Hyper-V role detected

CPU: total 12 (initial active 12) (6 cores per cpu, 2 threads per core) family 6 model 167 stepping 1 microcode 0x24, cx8, cmov, fxsr, ht, mmx, 3dnowpref, sse, sse2, sse3, ssse3, sse4.1, sse4.2, popcnt, lzcnt, tsc, tscinvbit, avx, avx2, aes, erms, clmul, bmi1, bmi2, adx, avx512f, avx512dq, avx512cd, avx512bw, avx512vl, sha, fma, vzeroupper, avx512_vpopcntdq, avx512_vpclmulqdq, avx512_vaes, avx512_vnni, clflush, clflushopt, avx512_vbmi2, avx512_vbmi, hv, rdtscp, rdpid, fsrm, gfni, avx512_bitalg, f16c, avx512_ifma
Processor Information for the first 12 processors :
  Max Mhz: 2592, Current Mhz: 2592, Mhz Limit: 2592

Memory: 4k page, system-wide physical 16187M (2157M free)
TotalPageFile size 26427M (AvailPageFile size 83M)
current process WorkingSet (physical memory assigned to process): 13M, peak: 13M
current process commit charge ("private bytes"): 64M, peak: 318M

vm_info: OpenJDK 64-Bit Server VM (21.0.8+1-b1038.71) for windows-amd64 JRE (21.0.8+1-b1038.71), built on 2025-09-04 by "builduser" with MS VC++ 16.10 / 16.11 (VS2019)

END.
